   Compiling sqlx_bookstore_assessment v0.1.0 (/Users/brookzerker/code/brooks-builds/sqlx_bookstore_assessment)
    Finished test [unoptimized + debuginfo] target(s) in 1.11s
     Running unittests src/lib.rs (target/debug/deps/sqlx_bookstore_assessment-6d088300141583b0)
     Running tests/test_authors.rs (target/debug/deps/test_authors-574fbf045a96ebb2)
     Running tests/test_books.rs (target/debug/deps/test_books-9cffb060f40abca0)
   Doc-tests sqlx_bookstore_assessment
ld_update_author ... ok
test should_create_author_and_book ... ok
test should_get_all_authors ... ok
test should_get_one_author ... ok

test result: ok. 6 passed; 0 failed; 0 ignored; 0 measured; 0 filtered out; finished in 0.80s


running 8 tests
test should_connect ... ok
test should_get_all_books_and_their_authors ... ok
test should_create_book_and_author_together ... ok
test should_get_all_books ... ok
test should_create_a_book ... ok
test should_get_one_book ... ok
test should_delete_book ... ok
test should_update_book ... ok

test result: ok. 8 passed; 0 failed; 0 ignored; 0 measured; 0 filtered out; finished in 0.75s


running 0 tests

test result: ok. 0 passed; 0 failed; 0 ignored; 0 measured; 0 filtered out; finished in 0.00s

